<?xml version="1.0" encoding="utf-8"?><testsuites name="pytest tests"><testsuite name="pytest" errors="0" failures="0" skipped="0" tests="179" time="48.956" timestamp="2026-07-25T22:49:54.311305+08:00" hostname="PC-202305161653"><testcase classname="tests.v2.test_analyst_service" name="test_analyst_success_persists_report_and_advances_workflow" time="1.034" /><testcase classname="tests.v2.test_analyst_service" name="test_analyst_records_source_id_without_leaking_absolute_path" time="0.964" /><testcase classname="tests.v2.test_analyst_service" name="test_analyst_failure_marks_thread_and_workflow_failed" time="1.052" /><testcase classname="tests.v2.test_analyst_service" name="test_missing_source_is_recorded_as_failure" time="1.691" /><testcase classname="tests.v2.test_analyst_service" name="test_analyst_can_select_an_explicit_project_source" time="0.411" /><testcase classname="tests.v2.test_analyst_service" name="test_analyst_rejects_wrong_workflow_stage_without_thread" time="0.097" /><testcase classname="tests.v2.test_analyst_service" name="test_duplicate_thread_id_does_not_rerun_analysis" time="0.692" /><testcase classname="tests.v2.test_analyst_service" name="test_source_identifier_ambiguity_is_captured" time="0.474" /><testcase classname="tests.v2.test_analyst_service" name="test_diagnostic_directory_is_project_isolated" time="0.420" /><testcase classname="tests.v2.test_analyst_service" name="test_default_adapter_reuses_v01_scan_analyze_and_diagnose" time="2.994" /><testcase classname="tests.v2.test_approval" name="test_approval_decision_round_trip_json" time="0.004" /><testcase classname="tests.v2.test_approval" name="test_approve_and_reject_do_not_use_return_node[APPROVED]" time="0.002" /><testcase classname="tests.v2.test_approval" name="test_approve_and_reject_do_not_use_return_node[REJECTED]" time="0.003" /><testcase classname="tests.v2.test_approval" name="test_returned_decision_requires_return_node" time="0.002" /><testcase classname="tests.v2.test_approval" name="test_non_returned_decision_rejects_return_node" time="0.002" /><testcase classname="tests.v2.test_approval" name="test_final_approval_must_be_human" time="0.002" /><testcase classname="tests.v2.test_approval" name="test_reason_and_operator_are_required" time="0.002" /><testcase classname="tests.v2.test_approval" name="test_decision_cannot_supersede_itself" time="0.002" /><testcase classname="tests.v2.test_approval" name="test_decided_at_must_be_timezone_aware" time="0.004" /><testcase classname="tests.v2.test_approval" name="test_decision_is_frozen_and_rejects_unknown_fields" time="0.004" /><testcase classname="tests.v2.test_audio_version" name="test_audio_version_round_trip_json" time="0.002" /><testcase classname="tests.v2.test_audio_version" name="test_version_accepts_root_and_child_nodes" time="0.002" /><testcase classname="tests.v2.test_audio_version" name="test_version_cannot_be_its_own_parent" time="0.002" /><testcase classname="tests.v2.test_audio_version" name="test_audio_path_must_be_safe_relative_and_lossless" time="0.002" /><testcase classname="tests.v2.test_audio_version" name="test_sha256_must_be_canonical" time="0.002" /><testcase classname="tests.v2.test_audio_version" name="test_treatment_plan_and_variant_must_appear_together" time="0.002" /><testcase classname="tests.v2.test_audio_version" name="test_happy_path_review_approval_delivery_archive" time="0.002" /><testcase classname="tests.v2.test_audio_version" name="test_rejected_version_requires_rejected_approval" time="0.002" /><testcase classname="tests.v2.test_audio_version" name="test_approved_and_delivered_require_human_evidence" time="0.003" /><testcase classname="tests.v2.test_audio_version" name="test_illegal_transition_is_rejected" time="0.003" /><testcase classname="tests.v2.test_audio_version" name="test_rejected_audio_is_not_reworked_in_place" time="0.002" /><testcase classname="tests.v2.test_audio_version" name="test_timestamps_must_be_aware_and_ordered" time="0.002" /><testcase classname="tests.v2.test_audio_version" name="test_models_are_frozen_and_reject_unknown_fields" time="0.010" /><testcase classname="tests.v2.test_creative_brief" name="test_creative_brief_round_trip_supports_chinese_and_english" time="0.002" /><testcase classname="tests.v2.test_creative_brief" name="test_creative_brief_can_be_updated_with_assignment_validation" time="0.005" /><testcase classname="tests.v2.test_creative_brief" name="test_creative_brief_requires_goal_and_platform[goal]" time="0.002" /><testcase classname="tests.v2.test_creative_brief" name="test_creative_brief_requires_goal_and_platform[platform]" time="0.002" /><testcase classname="tests.v2.test_creative_brief" name="test_creative_brief_rejects_blank_or_duplicate_list_items[preserve]" time="0.003" /><testcase classname="tests.v2.test_creative_brief" name="test_creative_brief_rejects_blank_or_duplicate_list_items[avoid]" time="0.002" /><testcase classname="tests.v2.test_creative_brief" name="test_creative_brief_rejects_blank_or_duplicate_list_items[reference]" time="0.002" /><testcase classname="tests.v2.test_creative_brief" name="test_preserve_and_avoid_cannot_conflict" time="0.003" /><testcase classname="tests.v2.test_creative_brief" name="test_unknown_fields_are_rejected" time="0.002" /><testcase classname="tests.v2.test_creative_brief" name="test_audio_project_coerces_brief_dict_to_creative_brief" time="0.002" /><testcase classname="tests.v2.test_designer_service" name="test_designer_generates_two_complete_variants_and_advances" time="0.279" /><testcase classname="tests.v2.test_designer_service" name="test_natural_variant_is_recommended_for_normal_health" time="0.263" /><testcase classname="tests.v2.test_designer_service" name="test_focused_variant_is_recommended_for_poor_health" time="0.115" /><testcase classname="tests.v2.test_designer_service" name="test_plan_actions_have_public_reasons_bounds_and_targets" time="0.132" /><testcase classname="tests.v2.test_designer_service" name="test_designer_uses_latest_passed_diagnosis" time="0.791" /><testcase classname="tests.v2.test_designer_service" name="test_missing_brief_marks_thread_and_workflow_failed" time="0.248" /><testcase classname="tests.v2.test_designer_service" name="test_missing_diagnosis_marks_thread_and_workflow_failed" time="0.387" /><testcase classname="tests.v2.test_designer_service" name="test_wrong_stage_is_rejected_without_creating_thread" time="0.341" /><testcase classname="tests.v2.test_designer_service" name="test_plan_is_create_once_and_project_isolated" time="0.989" /><testcase classname="tests.v2.test_e2e_golden_path.TestGoldenPath" name="test_full_golden_path" time="2.150" /><testcase classname="tests.v2.test_failure_recovery.TestAudioMissing" name="test_resolve_missing_source_raises_not_found" time="0.034" /><testcase classname="tests.v2.test_failure_recovery.TestDspFailure" name="test_dsp_worker_failure_transitions_to_failed" time="0.175" /><testcase classname="tests.v2.test_failure_recovery.TestDspFailure" name="test_dsp_worker_retry_after_failure" time="0.717" /><testcase classname="tests.v2.test_failure_recovery.TestMrsDegradation" name="test_judge_degrades_gracefully_when_mrs_unavailable" time="0.399" /><testcase classname="tests.v2.test_failure_recovery.TestJudgeReject" name="test_judge_rejection_marks_thread_rejected" time="1.203" /><testcase classname="tests.v2.test_failure_recovery.TestJudgeReject" name="test_retry_orchestrator_handles_rejection" time="2.137" /><testcase classname="tests.v2.test_failure_recovery.TestServiceRestart" name="test_workflow_state_persists_and_is_recoverable" time="0.644" /><testcase classname="tests.v2.test_failure_recovery.TestServiceRestart" name="test_no_orphan_final_without_approval" time="0.138" /><testcase classname="tests.v2.test_project" name="test_audio_project_round_trip_json_preserves_schema_and_enums" time="0.003" /><testcase classname="tests.v2.test_project" name="test_audio_project_rejects_unknown_fields" time="0.002" /><testcase classname="tests.v2.test_project" name="test_audio_project_requires_nonempty_unique_source_audio_ids[source_ids0]" time="0.002" /><testcase classname="tests.v2.test_project" name="test_audio_project_requires_nonempty_unique_source_audio_ids[source_ids1]" time="0.002" /><testcase classname="tests.v2.test_project" name="test_audio_project_requires_nonempty_unique_source_audio_ids[source_ids2]" time="0.002" /><testcase classname="tests.v2.test_project" name="test_delivered_project_requires_the_same_approved_and_delivered_version" time="0.003" /><testcase classname="tests.v2.test_project" name="test_project_timestamps_are_ordered_and_timezone_aware" time="0.002" /><testcase classname="tests.v2.test_project" name="test_assignment_is_validated" time="0.002" /><testcase classname="tests.v2.test_registered_sample_golden_path" name="test_registered_two_stem_song_reaches_verified_final_archive" time="3.188" /><testcase classname="tests.v2.test_thread" name="test_project_thread_round_trip_json" time="0.003" /><testcase classname="tests.v2.test_thread" name="test_thread_type_requires_the_expected_role[BRIEF-PRODUCER]" time="0.003" /><testcase classname="tests.v2.test_thread" name="test_thread_type_requires_the_expected_role[DIAGNOSIS-ANALYST]" time="0.002" /><testcase classname="tests.v2.test_thread" name="test_thread_type_requires_the_expected_role[DESIGN-DESIGNER]" time="0.003" /><testcase classname="tests.v2.test_thread" name="test_thread_type_requires_the_expected_role[VOCAL-WORKER]" time="0.005" /><testcase classname="tests.v2.test_thread" name="test_thread_type_requires_the_expected_role[JUDGE-JUDGE]" time="0.002" /><testcase classname="tests.v2.test_thread" name="test_thread_type_requires_the_expected_role[ARCHIVE-ARCHIVE]" time="0.003" /><testcase classname="tests.v2.test_thread" name="test_thread_rejects_role_mismatch" time="0.003" /><testcase classname="tests.v2.test_thread" name="test_happy_path_state_transitions_are_timestamped" time="0.002" /><testcase classname="tests.v2.test_thread" name="test_awaiting_user_can_resume_running" time="0.007" /><testcase classname="tests.v2.test_thread" name="test_illegal_transition_is_rejected" time="0.005" /><testcase classname="tests.v2.test_thread" name="test_failed_thread_requires_error_and_can_retry" time="0.003" /><testcase classname="tests.v2.test_thread" name="test_retry_limit_is_enforced" time="0.003" /><testcase classname="tests.v2.test_thread" name="test_thread_timestamps_must_be_aware_and_ordered" time="0.003" /><testcase classname="tests.v2.test_thread" name="test_unknown_fields_are_rejected_and_model_is_frozen" time="0.004" /><testcase classname="tests.v2.test_treatment_plan" name="test_treatment_plan_round_trip_json" time="0.007" /><testcase classname="tests.v2.test_treatment_plan" name="test_plan_supports_ordered_ab_candidates" time="0.002" /><testcase classname="tests.v2.test_treatment_plan" name="test_plan_requires_one_to_three_candidates" time="0.003" /><testcase classname="tests.v2.test_treatment_plan" name="test_variant_labels_must_start_at_a_and_be_unique" time="0.003" /><testcase classname="tests.v2.test_treatment_plan" name="test_recommendation_must_reference_candidate_and_have_reason" time="0.003" /><testcase classname="tests.v2.test_treatment_plan" name="test_action_order_must_be_contiguous_and_ids_unique" time="0.002" /><testcase classname="tests.v2.test_treatment_plan" name="test_parameter_bounds_must_be_ordered" time="0.002" /><testcase classname="tests.v2.test_treatment_plan" name="test_plan_rejects_secret_parameters_and_source_paths" time="0.006" /><testcase classname="tests.v2.test_treatment_plan" name="test_variant_requires_problem_risk_action_and_expected_output" time="0.002" /><testcase classname="tests.v2.test_treatment_plan" name="test_text_lists_reject_blanks_and_casefolded_duplicates" time="0.002" /><testcase classname="tests.v2.test_treatment_plan" name="test_created_at_must_be_timezone_aware" time="0.002" /><testcase classname="tests.v2.test_treatment_plan" name="test_models_are_frozen_and_reject_unknown_fields" time="0.002" /><testcase classname="tests.v2.test_workflow" name="test_workflow_starts_at_intake_and_round_trips" time="0.002" /><testcase classname="tests.v2.test_workflow" name="test_happy_path_reaches_final_in_fixed_order" time="0.002" /><testcase classname="tests.v2.test_workflow" name="test_advance_cannot_skip_or_leave_terminal_stage" time="0.003" /><testcase classname="tests.v2.test_workflow" name="test_pause_and_resume_return_to_exact_stage" time="0.003" /><testcase classname="tests.v2.test_workflow" name="test_only_active_nonfinal_workflow_can_pause" time="0.003" /><testcase classname="tests.v2.test_workflow" name="test_only_paused_workflow_can_resume" time="0.003" /><testcase classname="tests.v2.test_workflow" name="test_failure_records_reason_and_is_terminal" time="0.003" /><testcase classname="tests.v2.test_workflow" name="test_transition_timestamps_must_be_monotonic_and_aware" time="0.002" /><testcase classname="tests.v2.test_workflow" name="test_invalid_paused_and_failed_snapshots_are_rejected" time="0.006" /><testcase classname="tests.v2.test_workflow" name="test_workflow_is_frozen_and_rejects_unknown_fields" time="0.002" /><testcase classname="tests.v2.test_workflow" name="test_workspace_store_persists_and_updates_workflow_atomically" time="0.063" /><testcase classname="tests.v2.test_workflow" name="test_workflow_storage_enforces_project_and_identity" time="0.074" /><testcase classname="tests.v2.test_workspace_approval_api" name="test_approval_requires_passed_judge_for_same_version" time="0.116" /><testcase classname="tests.v2.test_workspace_approval_api" name="test_human_approval_updates_version_and_project" time="0.505" /><testcase classname="tests.v2.test_workspace_approval_api" name="test_system_cannot_issue_final_approval" time="0.165" /><testcase classname="tests.v2.test_workspace_approval_api" name="test_negative_decisions_do_not_require_judge[REJECTED]" time="0.134" /><testcase classname="tests.v2.test_workspace_approval_api" name="test_negative_decisions_do_not_require_judge[RETURNED]" time="0.131" /><testcase classname="tests.v2.test_workspace_approval_api" name="test_returned_decision_requires_return_thread" time="0.095" /><testcase classname="tests.v2.test_workspace_approval_api" name="test_duplicate_decision_is_rejected_without_extra_log_row" time="0.493" /><testcase classname="tests.v2.test_workspace_approval_api" name="test_superseded_decision_must_exist_for_same_version" time="0.294" /><testcase classname="tests.v2.test_workspace_approval_api" name="test_missing_project_or_version_returns_404" time="0.367" /><testcase classname="tests.v2.test_workspace_approval_api" name="test_approval_request_rejects_unknown_fields" time="0.753" /><testcase classname="tests.v2.test_workspace_approval_api" name="test_router_exposes_approval_contract" time="0.002" /><testcase classname="tests.v2.test_workspace_projects_api" name="test_create_project_returns_201_and_contract" time="0.131" /><testcase classname="tests.v2.test_workspace_projects_api" name="test_get_project_returns_persisted_snapshot" time="0.061" /><testcase classname="tests.v2.test_workspace_projects_api" name="test_patch_project_updates_allowed_fields" time="0.163" /><testcase classname="tests.v2.test_workspace_projects_api" name="test_patch_creative_brief_is_validated" time="0.200" /><testcase classname="tests.v2.test_workspace_projects_api" name="test_duplicate_project_returns_409" time="0.089" /><testcase classname="tests.v2.test_workspace_projects_api" name="test_missing_project_returns_404" time="0.031" /><testcase classname="tests.v2.test_workspace_projects_api" name="test_create_rejects_unknown_or_invalid_fields" time="0.020" /><testcase classname="tests.v2.test_workspace_projects_api" name="test_patch_rejects_empty_body_and_unknown_fields" time="0.335" /><testcase classname="tests.v2.test_workspace_projects_api" name="test_path_traversal_identifier_returns_400" time="0.157" /><testcase classname="tests.v2.test_workspace_projects_api" name="test_router_exposes_only_new_workspace_contract" time="0.045" /><testcase classname="tests.v2.test_workspace_projects_api" name="test_create_brief_returns_201_and_persists" time="0.593" /><testcase classname="tests.v2.test_workspace_projects_api" name="test_create_brief_rejects_duplicate" time="0.296" /><testcase classname="tests.v2.test_workspace_projects_api" name="test_patch_brief_is_partial_and_preserves_omitted_fields" time="0.189" /><testcase classname="tests.v2.test_workspace_projects_api" name="test_patch_brief_revalidates_cross_field_rules" time="0.117" /><testcase classname="tests.v2.test_workspace_projects_api" name="test_patch_brief_requires_existing_brief" time="0.113" /><testcase classname="tests.v2.test_workspace_projects_api" name="test_brief_api_returns_404_for_missing_project[post]" time="0.165" /><testcase classname="tests.v2.test_workspace_projects_api" name="test_brief_api_returns_404_for_missing_project[patch]" time="0.053" /><testcase classname="tests.v2.test_workspace_projects_api" name="test_patch_brief_rejects_empty_null_and_unknown_fields[payload0]" time="0.065" /><testcase classname="tests.v2.test_workspace_projects_api" name="test_patch_brief_rejects_empty_null_and_unknown_fields[payload1]" time="0.077" /><testcase classname="tests.v2.test_workspace_projects_api" name="test_patch_brief_rejects_empty_null_and_unknown_fields[payload2]" time="0.072" /><testcase classname="tests.v2.test_workspace_store" name="test_project_create_read_update_round_trip" time="0.097" /><testcase classname="tests.v2.test_workspace_store" name="test_thread_create_read_update_and_list" time="0.633" /><testcase classname="tests.v2.test_workspace_store" name="test_plan_and_version_are_create_once_snapshots" time="0.507" /><testcase classname="tests.v2.test_workspace_store" name="test_approval_log_is_append_only_and_ordered" time="0.160" /><testcase classname="tests.v2.test_workspace_store" name="test_duplicate_approval_is_rejected" time="0.043" /><testcase classname="tests.v2.test_workspace_store" name="test_missing_records_raise_not_found" time="0.019" /><testcase classname="tests.v2.test_workspace_store" name="test_identifiers_cannot_escape_workspace_root[../escape]" time="0.010" /><testcase classname="tests.v2.test_workspace_store" name="test_identifiers_cannot_escape_workspace_root[a/b]" time="0.008" /><testcase classname="tests.v2.test_workspace_store" name="test_identifiers_cannot_escape_workspace_root[a\\b]" time="0.011" /><testcase classname="tests.v2.test_workspace_store" name="test_identifiers_cannot_escape_workspace_root[]" time="0.013" /><testcase classname="tests.v2.test_workspace_store" name="test_identifiers_cannot_escape_workspace_root[.]" time="0.009" /><testcase classname="tests.v2.test_workspace_store" name="test_corrupt_snapshot_is_detected_without_rewrite" time="0.037" /><testcase classname="tests.v2.test_workspace_store" name="test_corrupt_jsonl_is_detected" time="0.187" /><testcase classname="tests.v2.test_workspace_store" name="test_atomic_write_leaves_no_temp_files" time="0.295" /><testcase classname="tests.v2.test_workspace_store" name="test_unicode_round_trip_and_project_isolation" time="0.235" /><testcase classname="tests.v2.test_workspace_threads_api" name="test_list_threads_returns_empty_collection" time="0.220" /><testcase classname="tests.v2.test_workspace_threads_api" name="test_list_threads_follows_workflow_then_created_at_and_id" time="0.369" /><testcase classname="tests.v2.test_workspace_threads_api" name="test_list_threads_returns_full_domain_contract" time="0.314" /><testcase classname="tests.v2.test_workspace_threads_api" name="test_list_threads_returns_404_for_missing_project" time="0.223" /><testcase classname="tests.v2.test_workspace_threads_api" name="test_list_threads_rejects_unsafe_project_id" time="0.082" /><testcase classname="tests.v2.test_workspace_threads_api" name="test_list_threads_reports_corrupt_snapshot" time="0.088" /><testcase classname="tests.v2.test_workspace_threads_api" name="test_router_exposes_thread_collection_contract" time="0.003" /><testcase classname="tests.v2.test_workspace_ui" name="test_workspace_ui_is_served_with_three_panel_layout" time="0.082" /><testcase classname="tests.v2.test_workspace_ui" name="test_workspace_ui_loads_real_project_threads_and_versions_apis" time="0.174" /><testcase classname="tests.v2.test_workspace_ui" name="test_workspace_ui_supports_version_selection_and_comparison" time="0.091" /><testcase classname="tests.v2.test_workspace_ui" name="test_workspace_ui_exposes_human_approval_actions" time="0.100" /><testcase classname="tests.v2.test_workspace_versions_api" name="test_create_version_returns_201_and_activates_project" time="0.341" /><testcase classname="tests.v2.test_workspace_versions_api" name="test_version_audio_endpoint_serves_immutable_audio" time="0.665" /><testcase classname="tests.v2.test_workspace_versions_api" name="test_create_version_requires_existing_audio_file" time="0.220" /><testcase classname="tests.v2.test_workspace_versions_api" name="test_create_version_rejects_missing_parent" time="0.316" /><testcase classname="tests.v2.test_workspace_versions_api" name="test_list_and_get_versions_return_stable_contract" time="1.282" /><testcase classname="tests.v2.test_workspace_versions_api" name="test_list_versions_returns_empty_collection" time="0.612" /><testcase classname="tests.v2.test_workspace_versions_api" name="test_branch_creates_child_without_overwriting_parent" time="0.777" /><testcase classname="tests.v2.test_workspace_versions_api" name="test_duplicate_version_is_rejected" time="0.630" /><testcase classname="tests.v2.test_workspace_versions_api" name="test_rollback_creates_new_child_with_target_audio" time="0.670" /><testcase classname="tests.v2.test_workspace_versions_api" name="test_version_inputs_are_strictly_validated" time="0.055" /><testcase classname="tests.v2.test_workspace_versions_api" name="test_version_routes_return_404_for_missing_resources" time="0.132" /><testcase classname="tests.v2.test_workspace_versions_api" name="test_list_detects_a_cycle_in_persisted_version_tree" time="0.227" /><testcase classname="tests.v2.test_workspace_versions_api" name="test_router_exposes_version_contracts" time="0.003" /></testsuite></testsuites>